{"timestamp":"2025-07-07T16:08:36.553837","level":"info","event":"Filling up the DagBag from /opt/airflow/dags/daily_weather_dag.py","logger":"airflow.models.dagbag.DagBag"}
{"timestamp":"2025-07-07T16:08:47.302641","level":"info","event":"Filling up the DagBag from /opt/airflow/dags/daily_weather_dag.py","logger":"airflow.models.dagbag.DagBag"}
{"timestamp":"2025-07-07T16:08:47.307096","level":"error","event":"Failed to import: /opt/airflow/dags/daily_weather_dag.py","logger":"airflow.models.dagbag.DagBag","error_detail":[{"exc_type":"SyntaxError","exc_value":"invalid syntax (daily_weather_dag.py, line 3)","exc_notes":[],"syntax_error":{"offset":31,"filename":"/opt/airflow/dags/daily_weather_dag.py","line":"from airflow.operators.python i","lineno":3,"msg":"invalid syntax"},"is_cause":false,"frames":[{"filename":"/home/airflow/.local/lib/python3.12/site-packages/airflow/models/dagbag.py","lineno":384,"name":"parse"},{"filename":"<frozen importlib._bootstrap_external>","lineno":995,"name":"exec_module"},{"filename":"<frozen importlib._bootstrap_external>","lineno":1133,"name":"get_code"},{"filename":"<frozen importlib._bootstrap_external>","lineno":1063,"name":"source_to_code"},{"filename":"<frozen importlib._bootstrap>","lineno":488,"name":"_call_with_frames_removed"}]}]}
{"timestamp":"2025-07-07T16:08:48.388703","level":"info","event":"Filling up the DagBag from /opt/airflow/dags/daily_weather_dag.py","logger":"airflow.models.dagbag.DagBag"}
{"timestamp":"2025-07-07T16:08:48.390998","level":"error","event":"Failed to import: /opt/airflow/dags/daily_weather_dag.py","logger":"airflow.models.dagbag.DagBag","error_detail":[{"exc_type":"SyntaxError","exc_value":"invalid syntax (daily_weather_dag.py, line 3)","exc_notes":[],"syntax_error":{"offset":31,"filename":"/opt/airflow/dags/daily_weather_dag.py","line":"from airflow.operators.python im","lineno":3,"msg":"invalid syntax"},"is_cause":false,"frames":[{"filename":"/home/airflow/.local/lib/python3.12/site-packages/airflow/models/dagbag.py","lineno":384,"name":"parse"},{"filename":"<frozen importlib._bootstrap_external>","lineno":995,"name":"exec_module"},{"filename":"<frozen importlib._bootstrap_external>","lineno":1133,"name":"get_code"},{"filename":"<frozen importlib._bootstrap_external>","lineno":1063,"name":"source_to_code"},{"filename":"<frozen importlib._bootstrap>","lineno":488,"name":"_call_with_frames_removed"}]}]}
{"timestamp":"2025-07-07T16:08:53.608807","level":"info","event":"Filling up the DagBag from /opt/airflow/dags/daily_weather_dag.py","logger":"airflow.models.dagbag.DagBag"}
{"timestamp":"2025-07-07T16:08:53.620747","level":"error","event":"Failed to import: /opt/airflow/dags/daily_weather_dag.py","logger":"airflow.models.dagbag.DagBag","error_detail":[{"exc_type":"ImportError","exc_value":"cannot import name 'Python' from 'airflow.operators.python' (unknown location)","exc_notes":[],"syntax_error":null,"is_cause":false,"frames":[{"filename":"/home/airflow/.local/lib/python3.12/site-packages/airflow/models/dagbag.py","lineno":384,"name":"parse"},{"filename":"<frozen importlib._bootstrap_external>","lineno":999,"name":"exec_module"},{"filename":"<frozen importlib._bootstrap>","lineno":488,"name":"_call_with_frames_removed"},{"filename":"/opt/airflow/dags/daily_weather_dag.py","lineno":3,"name":"<module>"}]}]}
{"timestamp":"2025-07-07T16:09:04.987954","level":"info","event":"Filling up the DagBag from /opt/airflow/dags/daily_weather_dag.py","logger":"airflow.models.dagbag.DagBag"}
{"timestamp":"2025-07-07T16:09:04.993982","level":"error","event":"Failed to import: /opt/airflow/dags/daily_weather_dag.py","logger":"airflow.models.dagbag.DagBag","error_detail":[{"exc_type":"ImportError","exc_value":"cannot import name 'Python' from 'airflow.operators.python' (unknown location)","exc_notes":[],"syntax_error":null,"is_cause":false,"frames":[{"filename":"/home/airflow/.local/lib/python3.12/site-packages/airflow/models/dagbag.py","lineno":384,"name":"parse"},{"filename":"<frozen importlib._bootstrap_external>","lineno":999,"name":"exec_module"},{"filename":"<frozen importlib._bootstrap>","lineno":488,"name":"_call_with_frames_removed"},{"filename":"/opt/airflow/dags/daily_weather_dag.py","lineno":3,"name":"<module>"}]}]}
{"timestamp":"2025-07-07T16:09:22.430161","level":"info","event":"Filling up the DagBag from /opt/airflow/dags/daily_weather_dag.py","logger":"airflow.models.dagbag.DagBag"}
{"timestamp":"2025-07-07T16:09:24.666738","level":"info","event":"Filling up the DagBag from /opt/airflow/dags/daily_weather_dag.py","logger":"airflow.models.dagbag.DagBag"}
{"timestamp":"2025-07-07T16:09:35.960724","level":"info","event":"Filling up the DagBag from /opt/airflow/dags/daily_weather_dag.py","logger":"airflow.models.dagbag.DagBag"}
{"timestamp":"2025-07-07T16:09:39.119597","level":"info","event":"Filling up the DagBag from /opt/airflow/dags/daily_weather_dag.py","logger":"airflow.models.dagbag.DagBag"}
{"timestamp":"2025-07-07T16:09:39.127142","level":"error","event":"Failed to import: /opt/airflow/dags/daily_weather_dag.py","logger":"airflow.models.dagbag.DagBag","error_detail":[{"exc_type":"SyntaxError","exc_value":"invalid syntax (daily_weather_dag.py, line 5)","exc_notes":[],"syntax_error":{"offset":7,"filename":"/opt/airflow/dags/daily_weather_dag.py","line":"import","lineno":5,"msg":"invalid syntax"},"is_cause":false,"frames":[{"filename":"/home/airflow/.local/lib/python3.12/site-packages/airflow/models/dagbag.py","lineno":384,"name":"parse"},{"filename":"<frozen importlib._bootstrap_external>","lineno":995,"name":"exec_module"},{"filename":"<frozen importlib._bootstrap_external>","lineno":1133,"name":"get_code"},{"filename":"<frozen importlib._bootstrap_external>","lineno":1063,"name":"source_to_code"},{"filename":"<frozen importlib._bootstrap>","lineno":488,"name":"_call_with_frames_removed"}]}]}
{"timestamp":"2025-07-07T16:09:45.400831","level":"info","event":"Filling up the DagBag from /opt/airflow/dags/daily_weather_dag.py","logger":"airflow.models.dagbag.DagBag"}
{"timestamp":"2025-07-07T16:10:08.878388","level":"info","event":"Filling up the DagBag from /opt/airflow/dags/daily_weather_dag.py","logger":"airflow.models.dagbag.DagBag"}
{"timestamp":"2025-07-07T16:10:40.821726","level":"info","event":"Filling up the DagBag from /opt/airflow/dags/daily_weather_dag.py","logger":"airflow.models.dagbag.DagBag"}
{"timestamp":"2025-07-07T16:11:11.740568","level":"info","event":"Filling up the DagBag from /opt/airflow/dags/daily_weather_dag.py","logger":"airflow.models.dagbag.DagBag"}
{"timestamp":"2025-07-07T16:11:28.490634","level":"info","event":"Filling up the DagBag from /opt/airflow/dags/daily_weather_dag.py","logger":"airflow.models.dagbag.DagBag"}
{"timestamp":"2025-07-07T16:11:32.957915","level":"info","event":"Filling up the DagBag from /opt/airflow/dags/daily_weather_dag.py","logger":"airflow.models.dagbag.DagBag"}
{"timestamp":"2025-07-07T16:11:40.478964","level":"info","event":"Filling up the DagBag from /opt/airflow/dags/daily_weather_dag.py","logger":"airflow.models.dagbag.DagBag"}
{"timestamp":"2025-07-07T16:11:44.957167","level":"info","event":"Filling up the DagBag from /opt/airflow/dags/daily_weather_dag.py","logger":"airflow.models.dagbag.DagBag"}
{"timestamp":"2025-07-07T16:11:50.458800","level":"info","event":"Filling up the DagBag from /opt/airflow/dags/daily_weather_dag.py","logger":"airflow.models.dagbag.DagBag"}
{"timestamp":"2025-07-07T16:12:03.121363","level":"info","event":"Filling up the DagBag from /opt/airflow/dags/daily_weather_dag.py","logger":"airflow.models.dagbag.DagBag"}
{"timestamp":"2025-07-07T16:12:07.728089","level":"info","event":"Filling up the DagBag from /opt/airflow/dags/daily_weather_dag.py","logger":"airflow.models.dagbag.DagBag"}
{"timestamp":"2025-07-07T16:12:20.363687","level":"info","event":"Filling up the DagBag from /opt/airflow/dags/daily_weather_dag.py","logger":"airflow.models.dagbag.DagBag"}
{"timestamp":"2025-07-07T16:12:36.165952","level":"info","event":"Filling up the DagBag from /opt/airflow/dags/daily_weather_dag.py","logger":"airflow.models.dagbag.DagBag"}
{"timestamp":"2025-07-07T16:12:40.715167","level":"info","event":"Filling up the DagBag from /opt/airflow/dags/daily_weather_dag.py","logger":"airflow.models.dagbag.DagBag"}
{"timestamp":"2025-07-07T16:12:49.253556","level":"info","event":"Filling up the DagBag from /opt/airflow/dags/daily_weather_dag.py","logger":"airflow.models.dagbag.DagBag"}
{"timestamp":"2025-07-07T16:12:50.766749","level":"info","event":"Filling up the DagBag from /opt/airflow/dags/daily_weather_dag.py","logger":"airflow.models.dagbag.DagBag"}
{"timestamp":"2025-07-07T16:13:05.377278","level":"info","event":"Filling up the DagBag from /opt/airflow/dags/daily_weather_dag.py","logger":"airflow.models.dagbag.DagBag"}
{"timestamp":"2025-07-07T16:13:21.126470","level":"info","event":"Filling up the DagBag from /opt/airflow/dags/daily_weather_dag.py","logger":"airflow.models.dagbag.DagBag"}
{"timestamp":"2025-07-07T16:13:34.748351","level":"info","event":"Filling up the DagBag from /opt/airflow/dags/daily_weather_dag.py","logger":"airflow.models.dagbag.DagBag"}
{"timestamp":"2025-07-07T16:14:01.671492","level":"info","event":"Filling up the DagBag from /opt/airflow/dags/daily_weather_dag.py","logger":"airflow.models.dagbag.DagBag"}
{"timestamp":"2025-07-07T16:14:02.174077","level":"error","event":"Failed to import: /opt/airflow/dags/daily_weather_dag.py","logger":"airflow.models.dagbag.DagBag","error_detail":[{"exc_type":"NameError","exc_value":"name 'weather_response' is not defined","exc_notes":[],"syntax_error":null,"is_cause":false,"frames":[{"filename":"/home/airflow/.local/lib/python3.12/site-packages/airflow/models/dagbag.py","lineno":384,"name":"parse"},{"filename":"<frozen importlib._bootstrap_external>","lineno":999,"name":"exec_module"},{"filename":"<frozen importlib._bootstrap>","lineno":488,"name":"_call_with_frames_removed"},{"filename":"/opt/airflow/dags/daily_weather_dag.py","lineno":9,"name":"<module>"}]}]}
{"timestamp":"2025-07-07T16:14:03.352896","level":"info","event":"Filling up the DagBag from /opt/airflow/dags/daily_weather_dag.py","logger":"airflow.models.dagbag.DagBag"}
{"timestamp":"2025-07-07T16:14:03.357759","level":"error","event":"Failed to import: /opt/airflow/dags/daily_weather_dag.py","logger":"airflow.models.dagbag.DagBag","error_detail":[{"exc_type":"SyntaxError","exc_value":"invalid syntax (daily_weather_dag.py, line 9)","exc_notes":[],"syntax_error":{"offset":20,"filename":"/opt/airflow/dags/daily_weather_dag.py","line":"weather_response = ","lineno":9,"msg":"invalid syntax"},"is_cause":false,"frames":[{"filename":"/home/airflow/.local/lib/python3.12/site-packages/airflow/models/dagbag.py","lineno":384,"name":"parse"},{"filename":"<frozen importlib._bootstrap_external>","lineno":995,"name":"exec_module"},{"filename":"<frozen importlib._bootstrap_external>","lineno":1133,"name":"get_code"},{"filename":"<frozen importlib._bootstrap_external>","lineno":1063,"name":"source_to_code"},{"filename":"<frozen importlib._bootstrap>","lineno":488,"name":"_call_with_frames_removed"}]}]}
{"timestamp":"2025-07-07T16:14:08.974833","level":"info","event":"Filling up the DagBag from /opt/airflow/dags/daily_weather_dag.py","logger":"airflow.models.dagbag.DagBag"}
{"timestamp":"2025-07-07T16:14:09.808260","level":"error","event":"Failed to import: /opt/airflow/dags/daily_weather_dag.py","logger":"airflow.models.dagbag.DagBag","error_detail":[{"exc_type":"TypeError","exc_value":"get() missing 1 required positional argument: 'url'","exc_notes":[],"syntax_error":null,"is_cause":false,"frames":[{"filename":"/home/airflow/.local/lib/python3.12/site-packages/airflow/models/dagbag.py","lineno":384,"name":"parse"},{"filename":"<frozen importlib._bootstrap_external>","lineno":999,"name":"exec_module"},{"filename":"<frozen importlib._bootstrap>","lineno":488,"name":"_call_with_frames_removed"},{"filename":"/opt/airflow/dags/daily_weather_dag.py","lineno":9,"name":"<module>"}]}]}
{"timestamp":"2025-07-07T16:14:17.155251","level":"info","event":"Filling up the DagBag from /opt/airflow/dags/daily_weather_dag.py","logger":"airflow.models.dagbag.DagBag"}
{"timestamp":"2025-07-07T16:14:17.161290","level":"error","event":"Failed to import: /opt/airflow/dags/daily_weather_dag.py","logger":"airflow.models.dagbag.DagBag","error_detail":[{"exc_type":"SyntaxError","exc_value":"invalid syntax (daily_weather_dag.py, line 9)","exc_notes":[],"syntax_error":{"offset":38,"filename":"/opt/airflow/dags/daily_weather_dag.py","line":"weather_response = requests.get(https://api.open-meteo.com/v1/forecast?latitude=51.5074&longitude=-0.1278&hourly=temperature_2m)","lineno":9,"msg":"invalid syntax"},"is_cause":false,"frames":[{"filename":"/home/airflow/.local/lib/python3.12/site-packages/airflow/models/dagbag.py","lineno":384,"name":"parse"},{"filename":"<frozen importlib._bootstrap_external>","lineno":995,"name":"exec_module"},{"filename":"<frozen importlib._bootstrap_external>","lineno":1133,"name":"get_code"},{"filename":"<frozen importlib._bootstrap_external>","lineno":1063,"name":"source_to_code"},{"filename":"<frozen importlib._bootstrap>","lineno":488,"name":"_call_with_frames_removed"}]}]}
{"timestamp":"2025-07-07T16:14:28.607050","level":"info","event":"Filling up the DagBag from /opt/airflow/dags/daily_weather_dag.py","logger":"airflow.models.dagbag.DagBag"}
{"timestamp":"2025-07-07T16:14:28.612344","level":"error","event":"Failed to import: /opt/airflow/dags/daily_weather_dag.py","logger":"airflow.models.dagbag.DagBag","error_detail":[{"exc_type":"SyntaxError","exc_value":"unterminated string literal (detected at line 9) (daily_weather_dag.py, line 9)","exc_notes":[],"syntax_error":{"offset":128,"filename":"/opt/airflow/dags/daily_weather_dag.py","line":"weather_response = requests.get(https://api.open-meteo.com/v1/forecast?latitude=51.5074&longitude=-0.1278&hourly=temperature_2m')","lineno":9,"msg":"unterminated string literal (detected at line 9)"},"is_cause":false,"frames":[{"filename":"/home/airflow/.local/lib/python3.12/site-packages/airflow/models/dagbag.py","lineno":384,"name":"parse"},{"filename":"<frozen importlib._bootstrap_external>","lineno":995,"name":"exec_module"},{"filename":"<frozen importlib._bootstrap_external>","lineno":1133,"name":"get_code"},{"filename":"<frozen importlib._bootstrap_external>","lineno":1063,"name":"source_to_code"},{"filename":"<frozen importlib._bootstrap>","lineno":488,"name":"_call_with_frames_removed"}]}]}
{"timestamp":"2025-07-07T16:14:31.789628","level":"info","event":"Filling up the DagBag from /opt/airflow/dags/daily_weather_dag.py","logger":"airflow.models.dagbag.DagBag"}
{"timestamp":"2025-07-07T16:15:03.157870","level":"info","event":"Filling up the DagBag from /opt/airflow/dags/daily_weather_dag.py","logger":"airflow.models.dagbag.DagBag"}
{"timestamp":"2025-07-07T16:15:34.529025","level":"info","event":"Filling up the DagBag from /opt/airflow/dags/daily_weather_dag.py","logger":"airflow.models.dagbag.DagBag"}
{"timestamp":"2025-07-07T16:16:05.791883","level":"info","event":"Filling up the DagBag from /opt/airflow/dags/daily_weather_dag.py","logger":"airflow.models.dagbag.DagBag"}
{"timestamp":"2025-07-07T16:16:37.197229","level":"info","event":"Filling up the DagBag from /opt/airflow/dags/daily_weather_dag.py","logger":"airflow.models.dagbag.DagBag"}
{"timestamp":"2025-07-07T16:17:08.245826","level":"info","event":"Filling up the DagBag from /opt/airflow/dags/daily_weather_dag.py","logger":"airflow.models.dagbag.DagBag"}
{"timestamp":"2025-07-07T16:17:39.629003","level":"info","event":"Filling up the DagBag from /opt/airflow/dags/daily_weather_dag.py","logger":"airflow.models.dagbag.DagBag"}
{"timestamp":"2025-07-07T16:18:10.686857","level":"info","event":"Filling up the DagBag from /opt/airflow/dags/daily_weather_dag.py","logger":"airflow.models.dagbag.DagBag"}
{"timestamp":"2025-07-07T16:18:41.937567","level":"info","event":"Filling up the DagBag from /opt/airflow/dags/daily_weather_dag.py","logger":"airflow.models.dagbag.DagBag"}
{"timestamp":"2025-07-07T16:19:13.072368","level":"info","event":"Filling up the DagBag from /opt/airflow/dags/daily_weather_dag.py","logger":"airflow.models.dagbag.DagBag"}
{"timestamp":"2025-07-07T16:19:44.201938","level":"info","event":"Filling up the DagBag from /opt/airflow/dags/daily_weather_dag.py","logger":"airflow.models.dagbag.DagBag"}
{"timestamp":"2025-07-07T16:20:15.204958","level":"info","event":"Filling up the DagBag from /opt/airflow/dags/daily_weather_dag.py","logger":"airflow.models.dagbag.DagBag"}
{"timestamp":"2025-07-07T16:20:46.602927","level":"info","event":"Filling up the DagBag from /opt/airflow/dags/daily_weather_dag.py","logger":"airflow.models.dagbag.DagBag"}
{"timestamp":"2025-07-07T16:21:17.756217","level":"info","event":"Filling up the DagBag from /opt/airflow/dags/daily_weather_dag.py","logger":"airflow.models.dagbag.DagBag"}
{"timestamp":"2025-07-07T16:21:48.828261","level":"info","event":"Filling up the DagBag from /opt/airflow/dags/daily_weather_dag.py","logger":"airflow.models.dagbag.DagBag"}
{"timestamp":"2025-07-07T16:22:19.860849","level":"info","event":"Filling up the DagBag from /opt/airflow/dags/daily_weather_dag.py","logger":"airflow.models.dagbag.DagBag"}
{"timestamp":"2025-07-07T16:22:51.062383","level":"info","event":"Filling up the DagBag from /opt/airflow/dags/daily_weather_dag.py","logger":"airflow.models.dagbag.DagBag"}
{"timestamp":"2025-07-07T16:23:22.130497","level":"info","event":"Filling up the DagBag from /opt/airflow/dags/daily_weather_dag.py","logger":"airflow.models.dagbag.DagBag"}
{"timestamp":"2025-07-07T16:23:53.237244","level":"info","event":"Filling up the DagBag from /opt/airflow/dags/daily_weather_dag.py","logger":"airflow.models.dagbag.DagBag"}
{"timestamp":"2025-07-07T16:24:24.245629","level":"info","event":"Filling up the DagBag from /opt/airflow/dags/daily_weather_dag.py","logger":"airflow.models.dagbag.DagBag"}
{"timestamp":"2025-07-07T16:24:55.292372","level":"info","event":"Filling up the DagBag from /opt/airflow/dags/daily_weather_dag.py","logger":"airflow.models.dagbag.DagBag"}
{"timestamp":"2025-07-07T16:25:26.366233","level":"info","event":"Filling up the DagBag from /opt/airflow/dags/daily_weather_dag.py","logger":"airflow.models.dagbag.DagBag"}
{"timestamp":"2025-07-07T16:25:57.602479","level":"info","event":"Filling up the DagBag from /opt/airflow/dags/daily_weather_dag.py","logger":"airflow.models.dagbag.DagBag"}
{"timestamp":"2025-07-07T16:26:28.821869","level":"info","event":"Filling up the DagBag from /opt/airflow/dags/daily_weather_dag.py","logger":"airflow.models.dagbag.DagBag"}
{"timestamp":"2025-07-07T16:27:00.255604","level":"info","event":"Filling up the DagBag from /opt/airflow/dags/daily_weather_dag.py","logger":"airflow.models.dagbag.DagBag"}
{"timestamp":"2025-07-07T16:27:31.538898","level":"info","event":"Filling up the DagBag from /opt/airflow/dags/daily_weather_dag.py","logger":"airflow.models.dagbag.DagBag"}
{"timestamp":"2025-07-07T16:28:02.930024","level":"info","event":"Filling up the DagBag from /opt/airflow/dags/daily_weather_dag.py","logger":"airflow.models.dagbag.DagBag"}
{"timestamp":"2025-07-07T16:28:34.552938","level":"info","event":"Filling up the DagBag from /opt/airflow/dags/daily_weather_dag.py","logger":"airflow.models.dagbag.DagBag"}
{"timestamp":"2025-07-07T16:29:05.714518","level":"info","event":"Filling up the DagBag from /opt/airflow/dags/daily_weather_dag.py","logger":"airflow.models.dagbag.DagBag"}
{"timestamp":"2025-07-07T16:29:37.083132","level":"info","event":"Filling up the DagBag from /opt/airflow/dags/daily_weather_dag.py","logger":"airflow.models.dagbag.DagBag"}
{"timestamp":"2025-07-07T16:30:08.196414","level":"info","event":"Filling up the DagBag from /opt/airflow/dags/daily_weather_dag.py","logger":"airflow.models.dagbag.DagBag"}
{"timestamp":"2025-07-07T16:30:39.374201","level":"info","event":"Filling up the DagBag from /opt/airflow/dags/daily_weather_dag.py","logger":"airflow.models.dagbag.DagBag"}
{"timestamp":"2025-07-07T16:31:10.496620","level":"info","event":"Filling up the DagBag from /opt/airflow/dags/daily_weather_dag.py","logger":"airflow.models.dagbag.DagBag"}
{"timestamp":"2025-07-07T16:31:41.703496","level":"info","event":"Filling up the DagBag from /opt/airflow/dags/daily_weather_dag.py","logger":"airflow.models.dagbag.DagBag"}
{"timestamp":"2025-07-07T16:32:12.877609","level":"info","event":"Filling up the DagBag from /opt/airflow/dags/daily_weather_dag.py","logger":"airflow.models.dagbag.DagBag"}
{"timestamp":"2025-07-07T16:32:43.981822","level":"info","event":"Filling up the DagBag from /opt/airflow/dags/daily_weather_dag.py","logger":"airflow.models.dagbag.DagBag"}
{"timestamp":"2025-07-07T16:33:15.178997","level":"info","event":"Filling up the DagBag from /opt/airflow/dags/daily_weather_dag.py","logger":"airflow.models.dagbag.DagBag"}
{"timestamp":"2025-07-07T16:33:46.629375","level":"info","event":"Filling up the DagBag from /opt/airflow/dags/daily_weather_dag.py","logger":"airflow.models.dagbag.DagBag"}
{"timestamp":"2025-07-07T16:34:17.821205","level":"info","event":"Filling up the DagBag from /opt/airflow/dags/daily_weather_dag.py","logger":"airflow.models.dagbag.DagBag"}
{"timestamp":"2025-07-07T16:34:49.172791","level":"info","event":"Filling up the DagBag from /opt/airflow/dags/daily_weather_dag.py","logger":"airflow.models.dagbag.DagBag"}
{"timestamp":"2025-07-07T16:35:20.647065","level":"info","event":"Filling up the DagBag from /opt/airflow/dags/daily_weather_dag.py","logger":"airflow.models.dagbag.DagBag"}
{"timestamp":"2025-07-07T16:35:51.798615","level":"info","event":"Filling up the DagBag from /opt/airflow/dags/daily_weather_dag.py","logger":"airflow.models.dagbag.DagBag"}
{"timestamp":"2025-07-07T16:36:22.856425","level":"info","event":"Filling up the DagBag from /opt/airflow/dags/daily_weather_dag.py","logger":"airflow.models.dagbag.DagBag"}
{"timestamp":"2025-07-07T16:36:55.142941","level":"info","event":"Filling up the DagBag from /opt/airflow/dags/daily_weather_dag.py","logger":"airflow.models.dagbag.DagBag"}
{"timestamp":"2025-07-07T16:37:31.629203","level":"info","event":"Filling up the DagBag from /opt/airflow/dags/daily_weather_dag.py","logger":"airflow.models.dagbag.DagBag"}
{"timestamp":"2025-07-07T16:38:03.257160","level":"info","event":"Filling up the DagBag from /opt/airflow/dags/daily_weather_dag.py","logger":"airflow.models.dagbag.DagBag"}
{"timestamp":"2025-07-07T16:38:34.404366","level":"info","event":"Filling up the DagBag from /opt/airflow/dags/daily_weather_dag.py","logger":"airflow.models.dagbag.DagBag"}
{"timestamp":"2025-07-07T16:39:05.626230","level":"info","event":"Filling up the DagBag from /opt/airflow/dags/daily_weather_dag.py","logger":"airflow.models.dagbag.DagBag"}
{"timestamp":"2025-07-07T16:39:37.296462","level":"info","event":"Filling up the DagBag from /opt/airflow/dags/daily_weather_dag.py","logger":"airflow.models.dagbag.DagBag"}
{"timestamp":"2025-07-07T16:40:08.833591","level":"info","event":"Filling up the DagBag from /opt/airflow/dags/daily_weather_dag.py","logger":"airflow.models.dagbag.DagBag"}
{"timestamp":"2025-07-07T16:40:40.290886","level":"info","event":"Filling up the DagBag from /opt/airflow/dags/daily_weather_dag.py","logger":"airflow.models.dagbag.DagBag"}
{"timestamp":"2025-07-07T16:41:11.433354","level":"info","event":"Filling up the DagBag from /opt/airflow/dags/daily_weather_dag.py","logger":"airflow.models.dagbag.DagBag"}
{"timestamp":"2025-07-07T16:41:42.871206","level":"info","event":"Filling up the DagBag from /opt/airflow/dags/daily_weather_dag.py","logger":"airflow.models.dagbag.DagBag"}
{"timestamp":"2025-07-07T16:42:14.611245","level":"info","event":"Filling up the DagBag from /opt/airflow/dags/daily_weather_dag.py","logger":"airflow.models.dagbag.DagBag"}
{"timestamp":"2025-07-07T16:42:18.246965","level":"info","event":"Filling up the DagBag from /opt/airflow/dags/daily_weather_dag.py","logger":"airflow.models.dagbag.DagBag"}
{"timestamp":"2025-07-07T16:42:18.643097","level":"error","event":"Failed to import: /opt/airflow/dags/daily_weather_dag.py","logger":"airflow.models.dagbag.DagBag","error_detail":[{"exc_type":"TypeError","exc_value":"DAG.__init__() got an unexpected keyword argument 'schedule_interval'","exc_notes":[],"syntax_error":null,"is_cause":false,"frames":[{"filename":"/home/airflow/.local/lib/python3.12/site-packages/airflow/models/dagbag.py","lineno":384,"name":"parse"},{"filename":"<frozen importlib._bootstrap_external>","lineno":999,"name":"exec_module"},{"filename":"<frozen importlib._bootstrap>","lineno":488,"name":"_call_with_frames_removed"},{"filename":"/opt/airflow/dags/daily_weather_dag.py","lineno":35,"name":"<module>"}]}]}
{"timestamp":"2025-07-07T16:42:49.364761","level":"info","event":"Filling up the DagBag from /opt/airflow/dags/daily_weather_dag.py","logger":"airflow.models.dagbag.DagBag"}
{"timestamp":"2025-07-07T16:42:49.597442","level":"error","event":"Failed to import: /opt/airflow/dags/daily_weather_dag.py","logger":"airflow.models.dagbag.DagBag","error_detail":[{"exc_type":"TypeError","exc_value":"DAG.__init__() got an unexpected keyword argument 'schedule_interval'","exc_notes":[],"syntax_error":null,"is_cause":false,"frames":[{"filename":"/home/airflow/.local/lib/python3.12/site-packages/airflow/models/dagbag.py","lineno":384,"name":"parse"},{"filename":"<frozen importlib._bootstrap_external>","lineno":999,"name":"exec_module"},{"filename":"<frozen importlib._bootstrap>","lineno":488,"name":"_call_with_frames_removed"},{"filename":"/opt/airflow/dags/daily_weather_dag.py","lineno":35,"name":"<module>"}]}]}
{"timestamp":"2025-07-07T16:43:11.177889","level":"info","event":"Filling up the DagBag from /opt/airflow/dags/daily_weather_dag.py","logger":"airflow.models.dagbag.DagBag"}
{"timestamp":"2025-07-07T16:43:11.426445","level":"error","event":"Failed to import: /opt/airflow/dags/daily_weather_dag.py","logger":"airflow.models.dagbag.DagBag","error_detail":[{"exc_type":"TypeError","exc_value":"DAG.__init__() got an unexpected keyword argument 'schedule_interval'","exc_notes":[],"syntax_error":null,"is_cause":false,"frames":[{"filename":"/home/airflow/.local/lib/python3.12/site-packages/airflow/models/dagbag.py","lineno":384,"name":"parse"},{"filename":"<frozen importlib._bootstrap_external>","lineno":999,"name":"exec_module"},{"filename":"<frozen importlib._bootstrap>","lineno":488,"name":"_call_with_frames_removed"},{"filename":"/opt/airflow/dags/daily_weather_dag.py","lineno":35,"name":"<module>"}]}]}
{"timestamp":"2025-07-07T16:43:42.586444","level":"info","event":"Filling up the DagBag from /opt/airflow/dags/daily_weather_dag.py","logger":"airflow.models.dagbag.DagBag"}
{"timestamp":"2025-07-07T16:43:43.237490","level":"error","event":"Failed to import: /opt/airflow/dags/daily_weather_dag.py","logger":"airflow.models.dagbag.DagBag","error_detail":[{"exc_type":"TypeError","exc_value":"DAG.__init__() got an unexpected keyword argument 'schedule_interval'","exc_notes":[],"syntax_error":null,"is_cause":false,"frames":[{"filename":"/home/airflow/.local/lib/python3.12/site-packages/airflow/models/dagbag.py","lineno":384,"name":"parse"},{"filename":"<frozen importlib._bootstrap_external>","lineno":999,"name":"exec_module"},{"filename":"<frozen importlib._bootstrap>","lineno":488,"name":"_call_with_frames_removed"},{"filename":"/opt/airflow/dags/daily_weather_dag.py","lineno":35,"name":"<module>"}]}]}
{"timestamp":"2025-07-07T16:43:48.549018","level":"info","event":"Filling up the DagBag from /opt/airflow/dags/daily_weather_dag.py","logger":"airflow.models.dagbag.DagBag"}
{"timestamp":"2025-07-07T16:43:49.036429","level":"error","event":"Failed to import: /opt/airflow/dags/daily_weather_dag.py","logger":"airflow.models.dagbag.DagBag","error_detail":[{"exc_type":"TypeError","exc_value":"DAG.__init__() got an unexpected keyword argument 'schedule_interval'","exc_notes":[],"syntax_error":null,"is_cause":false,"frames":[{"filename":"/home/airflow/.local/lib/python3.12/site-packages/airflow/models/dagbag.py","lineno":384,"name":"parse"},{"filename":"<frozen importlib._bootstrap_external>","lineno":999,"name":"exec_module"},{"filename":"<frozen importlib._bootstrap>","lineno":488,"name":"_call_with_frames_removed"},{"filename":"/opt/airflow/dags/daily_weather_dag.py","lineno":35,"name":"<module>"}]}]}
{"timestamp":"2025-07-07T16:43:50.239325","level":"info","event":"Filling up the DagBag from /opt/airflow/dags/daily_weather_dag.py","logger":"airflow.models.dagbag.DagBag"}
{"timestamp":"2025-07-07T16:43:50.562588","level":"error","event":"Failed to import: /opt/airflow/dags/daily_weather_dag.py","logger":"airflow.models.dagbag.DagBag","error_detail":[{"exc_type":"TypeError","exc_value":"DAG.__init__() got an unexpected keyword argument 'schedule_interval'","exc_notes":[],"syntax_error":null,"is_cause":false,"frames":[{"filename":"/home/airflow/.local/lib/python3.12/site-packages/airflow/models/dagbag.py","lineno":384,"name":"parse"},{"filename":"<frozen importlib._bootstrap_external>","lineno":999,"name":"exec_module"},{"filename":"<frozen importlib._bootstrap>","lineno":488,"name":"_call_with_frames_removed"},{"filename":"/opt/airflow/dags/daily_weather_dag.py","lineno":35,"name":"<module>"}]}]}
{"timestamp":"2025-07-07T16:44:00.809899","level":"info","event":"Filling up the DagBag from /opt/airflow/dags/daily_weather_dag.py","logger":"airflow.models.dagbag.DagBag"}
{"timestamp":"2025-07-07T16:44:01.036233","level":"error","event":"Failed to import: /opt/airflow/dags/daily_weather_dag.py","logger":"airflow.models.dagbag.DagBag","error_detail":[{"exc_type":"TypeError","exc_value":"DAG.__init__() got an unexpected keyword argument 'schedule_interval'","exc_notes":[],"syntax_error":null,"is_cause":false,"frames":[{"filename":"/home/airflow/.local/lib/python3.12/site-packages/airflow/models/dagbag.py","lineno":384,"name":"parse"},{"filename":"<frozen importlib._bootstrap_external>","lineno":999,"name":"exec_module"},{"filename":"<frozen importlib._bootstrap>","lineno":488,"name":"_call_with_frames_removed"},{"filename":"/opt/airflow/dags/daily_weather_dag.py","lineno":35,"name":"<module>"}]}]}
{"timestamp":"2025-07-07T16:44:08.257467","level":"info","event":"Filling up the DagBag from /opt/airflow/dags/daily_weather_dag.py","logger":"airflow.models.dagbag.DagBag"}
{"timestamp":"2025-07-07T16:44:08.523257","level":"error","event":"Failed to import: /opt/airflow/dags/daily_weather_dag.py","logger":"airflow.models.dagbag.DagBag","error_detail":[{"exc_type":"TypeError","exc_value":"DAG.__init__() got an unexpected keyword argument 'schedule_interval'","exc_notes":[],"syntax_error":null,"is_cause":false,"frames":[{"filename":"/home/airflow/.local/lib/python3.12/site-packages/airflow/models/dagbag.py","lineno":384,"name":"parse"},{"filename":"<frozen importlib._bootstrap_external>","lineno":999,"name":"exec_module"},{"filename":"<frozen importlib._bootstrap>","lineno":488,"name":"_call_with_frames_removed"},{"filename":"/opt/airflow/dags/daily_weather_dag.py","lineno":35,"name":"<module>"}]}]}
{"timestamp":"2025-07-07T16:44:39.844966","level":"info","event":"Filling up the DagBag from /opt/airflow/dags/daily_weather_dag.py","logger":"airflow.models.dagbag.DagBag"}
{"timestamp":"2025-07-07T16:44:40.885028","level":"error","event":"Failed to import: /opt/airflow/dags/daily_weather_dag.py","logger":"airflow.models.dagbag.DagBag","error_detail":[{"exc_type":"TypeError","exc_value":"DAG.__init__() got an unexpected keyword argument 'schedule_interval'","exc_notes":[],"syntax_error":null,"is_cause":false,"frames":[{"filename":"/home/airflow/.local/lib/python3.12/site-packages/airflow/models/dagbag.py","lineno":384,"name":"parse"},{"filename":"<frozen importlib._bootstrap_external>","lineno":999,"name":"exec_module"},{"filename":"<frozen importlib._bootstrap>","lineno":488,"name":"_call_with_frames_removed"},{"filename":"/opt/airflow/dags/daily_weather_dag.py","lineno":35,"name":"<module>"}]}]}
{"timestamp":"2025-07-07T16:45:11.932523","level":"info","event":"Filling up the DagBag from /opt/airflow/dags/daily_weather_dag.py","logger":"airflow.models.dagbag.DagBag"}
{"timestamp":"2025-07-07T16:45:12.500177","level":"error","event":"Failed to import: /opt/airflow/dags/daily_weather_dag.py","logger":"airflow.models.dagbag.DagBag","error_detail":[{"exc_type":"TypeError","exc_value":"DAG.__init__() got an unexpected keyword argument 'schedule_interval'","exc_notes":[],"syntax_error":null,"is_cause":false,"frames":[{"filename":"/home/airflow/.local/lib/python3.12/site-packages/airflow/models/dagbag.py","lineno":384,"name":"parse"},{"filename":"<frozen importlib._bootstrap_external>","lineno":999,"name":"exec_module"},{"filename":"<frozen importlib._bootstrap>","lineno":488,"name":"_call_with_frames_removed"},{"filename":"/opt/airflow/dags/daily_weather_dag.py","lineno":35,"name":"<module>"}]}]}
{"timestamp":"2025-07-07T16:45:43.093215","level":"info","event":"Filling up the DagBag from /opt/airflow/dags/daily_weather_dag.py","logger":"airflow.models.dagbag.DagBag"}
{"timestamp":"2025-07-07T16:45:43.291282","level":"error","event":"Failed to import: /opt/airflow/dags/daily_weather_dag.py","logger":"airflow.models.dagbag.DagBag","error_detail":[{"exc_type":"TypeError","exc_value":"DAG.__init__() got an unexpected keyword argument 'schedule_interval'","exc_notes":[],"syntax_error":null,"is_cause":false,"frames":[{"filename":"/home/airflow/.local/lib/python3.12/site-packages/airflow/models/dagbag.py","lineno":384,"name":"parse"},{"filename":"<frozen importlib._bootstrap_external>","lineno":999,"name":"exec_module"},{"filename":"<frozen importlib._bootstrap>","lineno":488,"name":"_call_with_frames_removed"},{"filename":"/opt/airflow/dags/daily_weather_dag.py","lineno":35,"name":"<module>"}]}]}
{"timestamp":"2025-07-07T16:46:13.894508","level":"info","event":"Filling up the DagBag from /opt/airflow/dags/daily_weather_dag.py","logger":"airflow.models.dagbag.DagBag"}
{"timestamp":"2025-07-07T16:46:14.282281","level":"error","event":"Failed to import: /opt/airflow/dags/daily_weather_dag.py","logger":"airflow.models.dagbag.DagBag","error_detail":[{"exc_type":"TypeError","exc_value":"DAG.__init__() got an unexpected keyword argument 'schedule_interval'","exc_notes":[],"syntax_error":null,"is_cause":false,"frames":[{"filename":"/home/airflow/.local/lib/python3.12/site-packages/airflow/models/dagbag.py","lineno":384,"name":"parse"},{"filename":"<frozen importlib._bootstrap_external>","lineno":999,"name":"exec_module"},{"filename":"<frozen importlib._bootstrap>","lineno":488,"name":"_call_with_frames_removed"},{"filename":"/opt/airflow/dags/daily_weather_dag.py","lineno":35,"name":"<module>"}]}]}
{"timestamp":"2025-07-07T16:46:44.920250","level":"info","event":"Filling up the DagBag from /opt/airflow/dags/daily_weather_dag.py","logger":"airflow.models.dagbag.DagBag"}
{"timestamp":"2025-07-07T16:46:45.170865","level":"error","event":"Failed to import: /opt/airflow/dags/daily_weather_dag.py","logger":"airflow.models.dagbag.DagBag","error_detail":[{"exc_type":"TypeError","exc_value":"DAG.__init__() got an unexpected keyword argument 'schedule_interval'","exc_notes":[],"syntax_error":null,"is_cause":false,"frames":[{"filename":"/home/airflow/.local/lib/python3.12/site-packages/airflow/models/dagbag.py","lineno":384,"name":"parse"},{"filename":"<frozen importlib._bootstrap_external>","lineno":999,"name":"exec_module"},{"filename":"<frozen importlib._bootstrap>","lineno":488,"name":"_call_with_frames_removed"},{"filename":"/opt/airflow/dags/daily_weather_dag.py","lineno":35,"name":"<module>"}]}]}
{"timestamp":"2025-07-07T16:47:15.636486","level":"info","event":"Filling up the DagBag from /opt/airflow/dags/daily_weather_dag.py","logger":"airflow.models.dagbag.DagBag"}
{"timestamp":"2025-07-07T16:47:15.818013","level":"error","event":"Failed to import: /opt/airflow/dags/daily_weather_dag.py","logger":"airflow.models.dagbag.DagBag","error_detail":[{"exc_type":"TypeError","exc_value":"DAG.__init__() got an unexpected keyword argument 'schedule_interval'","exc_notes":[],"syntax_error":null,"is_cause":false,"frames":[{"filename":"/home/airflow/.local/lib/python3.12/site-packages/airflow/models/dagbag.py","lineno":384,"name":"parse"},{"filename":"<frozen importlib._bootstrap_external>","lineno":999,"name":"exec_module"},{"filename":"<frozen importlib._bootstrap>","lineno":488,"name":"_call_with_frames_removed"},{"filename":"/opt/airflow/dags/daily_weather_dag.py","lineno":35,"name":"<module>"}]}]}
{"timestamp":"2025-07-07T16:47:46.363295","level":"info","event":"Filling up the DagBag from /opt/airflow/dags/daily_weather_dag.py","logger":"airflow.models.dagbag.DagBag"}
{"timestamp":"2025-07-07T16:47:46.562383","level":"error","event":"Failed to import: /opt/airflow/dags/daily_weather_dag.py","logger":"airflow.models.dagbag.DagBag","error_detail":[{"exc_type":"TypeError","exc_value":"DAG.__init__() got an unexpected keyword argument 'schedule_interval'","exc_notes":[],"syntax_error":null,"is_cause":false,"frames":[{"filename":"/home/airflow/.local/lib/python3.12/site-packages/airflow/models/dagbag.py","lineno":384,"name":"parse"},{"filename":"<frozen importlib._bootstrap_external>","lineno":999,"name":"exec_module"},{"filename":"<frozen importlib._bootstrap>","lineno":488,"name":"_call_with_frames_removed"},{"filename":"/opt/airflow/dags/daily_weather_dag.py","lineno":35,"name":"<module>"}]}]}
{"timestamp":"2025-07-07T16:48:17.189461","level":"info","event":"Filling up the DagBag from /opt/airflow/dags/daily_weather_dag.py","logger":"airflow.models.dagbag.DagBag"}
{"timestamp":"2025-07-07T16:48:17.388146","level":"error","event":"Failed to import: /opt/airflow/dags/daily_weather_dag.py","logger":"airflow.models.dagbag.DagBag","error_detail":[{"exc_type":"TypeError","exc_value":"DAG.__init__() got an unexpected keyword argument 'schedule_interval'","exc_notes":[],"syntax_error":null,"is_cause":false,"frames":[{"filename":"/home/airflow/.local/lib/python3.12/site-packages/airflow/models/dagbag.py","lineno":384,"name":"parse"},{"filename":"<frozen importlib._bootstrap_external>","lineno":999,"name":"exec_module"},{"filename":"<frozen importlib._bootstrap>","lineno":488,"name":"_call_with_frames_removed"},{"filename":"/opt/airflow/dags/daily_weather_dag.py","lineno":35,"name":"<module>"}]}]}
{"timestamp":"2025-07-07T16:48:29.680856","level":"info","event":"Filling up the DagBag from /opt/airflow/dags/daily_weather_dag.py","logger":"airflow.models.dagbag.DagBag"}
{"timestamp":"2025-07-07T16:48:36.224001","level":"info","event":"Filling up the DagBag from /opt/airflow/dags/daily_weather_dag.py","logger":"airflow.models.dagbag.DagBag"}
{"timestamp":"2025-07-07T16:49:08.808137","level":"info","event":"Filling up the DagBag from /opt/airflow/dags/daily_weather_dag.py","logger":"airflow.models.dagbag.DagBag"}
{"timestamp":"2025-07-07T16:49:42.982450","level":"info","event":"Filling up the DagBag from /opt/airflow/dags/daily_weather_dag.py","logger":"airflow.models.dagbag.DagBag"}
{"timestamp":"2025-07-07T16:50:14.384867","level":"info","event":"Filling up the DagBag from /opt/airflow/dags/daily_weather_dag.py","logger":"airflow.models.dagbag.DagBag"}
{"timestamp":"2025-07-07T16:50:45.486312","level":"info","event":"Filling up the DagBag from /opt/airflow/dags/daily_weather_dag.py","logger":"airflow.models.dagbag.DagBag"}
{"timestamp":"2025-07-07T16:51:16.385263","level":"info","event":"Filling up the DagBag from /opt/airflow/dags/daily_weather_dag.py","logger":"airflow.models.dagbag.DagBag"}
{"timestamp":"2025-07-07T16:51:47.301429","level":"info","event":"Filling up the DagBag from /opt/airflow/dags/daily_weather_dag.py","logger":"airflow.models.dagbag.DagBag"}
{"timestamp":"2025-07-07T16:52:18.191506","level":"info","event":"Filling up the DagBag from /opt/airflow/dags/daily_weather_dag.py","logger":"airflow.models.dagbag.DagBag"}
{"timestamp":"2025-07-07T16:52:49.160054","level":"info","event":"Filling up the DagBag from /opt/airflow/dags/daily_weather_dag.py","logger":"airflow.models.dagbag.DagBag"}
{"timestamp":"2025-07-07T16:53:20.132191","level":"info","event":"Filling up the DagBag from /opt/airflow/dags/daily_weather_dag.py","logger":"airflow.models.dagbag.DagBag"}
{"timestamp":"2025-07-07T16:53:51.496505","level":"info","event":"Filling up the DagBag from /opt/airflow/dags/daily_weather_dag.py","logger":"airflow.models.dagbag.DagBag"}
{"timestamp":"2025-07-07T16:54:11.505571","level":"info","event":"Filling up the DagBag from /opt/airflow/dags/daily_weather_dag.py","logger":"airflow.models.dagbag.DagBag"}
{"timestamp":"2025-07-07T16:54:42.598780","level":"info","event":"Filling up the DagBag from /opt/airflow/dags/daily_weather_dag.py","logger":"airflow.models.dagbag.DagBag"}
{"timestamp":"2025-07-07T16:55:13.777520","level":"info","event":"Filling up the DagBag from /opt/airflow/dags/daily_weather_dag.py","logger":"airflow.models.dagbag.DagBag"}
{"timestamp":"2025-07-07T16:55:39.784675","level":"info","event":"Filling up the DagBag from /opt/airflow/dags/daily_weather_dag.py","logger":"airflow.models.dagbag.DagBag"}
{"timestamp":"2025-07-07T16:56:10.963787","level":"info","event":"Filling up the DagBag from /opt/airflow/dags/daily_weather_dag.py","logger":"airflow.models.dagbag.DagBag"}
{"timestamp":"2025-07-07T16:56:49.426650","level":"info","event":"Filling up the DagBag from /opt/airflow/dags/daily_weather_dag.py","logger":"airflow.models.dagbag.DagBag"}
{"timestamp":"2025-07-07T16:57:20.440228","level":"info","event":"Filling up the DagBag from /opt/airflow/dags/daily_weather_dag.py","logger":"airflow.models.dagbag.DagBag"}
{"timestamp":"2025-07-07T17:54:01.218456","level":"info","event":"Filling up the DagBag from /opt/airflow/dags/daily_weather_dag.py","logger":"airflow.models.dagbag.DagBag"}
{"timestamp":"2025-07-07T17:57:54.488944","level":"info","event":"Filling up the DagBag from /opt/airflow/dags/daily_weather_dag.py","logger":"airflow.models.dagbag.DagBag"}
{"timestamp":"2025-07-07T19:35:38.710726","level":"info","event":"Filling up the DagBag from /opt/airflow/dags/daily_weather_dag.py","logger":"airflow.models.dagbag.DagBag"}
{"timestamp":"2025-07-07T23:21:22.256089","level":"info","event":"Filling up the DagBag from /opt/airflow/dags/daily_weather_dag.py","logger":"airflow.models.dagbag.DagBag"}
{"timestamp":"2025-07-07T23:21:52.637629","level":"info","event":"Filling up the DagBag from /opt/airflow/dags/daily_weather_dag.py","logger":"airflow.models.dagbag.DagBag"}
{"timestamp":"2025-07-07T23:22:23.098703","level":"info","event":"Filling up the DagBag from /opt/airflow/dags/daily_weather_dag.py","logger":"airflow.models.dagbag.DagBag"}
{"timestamp":"2025-07-07T23:22:53.468892","level":"info","event":"Filling up the DagBag from /opt/airflow/dags/daily_weather_dag.py","logger":"airflow.models.dagbag.DagBag"}
{"timestamp":"2025-07-07T23:23:23.900167","level":"info","event":"Filling up the DagBag from /opt/airflow/dags/daily_weather_dag.py","logger":"airflow.models.dagbag.DagBag"}
{"timestamp":"2025-07-07T23:23:54.269728","level":"info","event":"Filling up the DagBag from /opt/airflow/dags/daily_weather_dag.py","logger":"airflow.models.dagbag.DagBag"}
{"timestamp":"2025-07-07T23:31:00.912564","level":"info","event":"Filling up the DagBag from /opt/airflow/dags/daily_weather_dag.py","logger":"airflow.models.dagbag.DagBag"}
