{"timestamp":"2025-07-18T07:00:14.853733","level":"info","event":"Filling up the DagBag from /opt/airflow/dags/daily_weather_dag.py","logger":"airflow.models.dagbag.DagBag"}
{"timestamp":"2025-07-18T10:30:18.250582","level":"info","event":"Filling up the DagBag from /opt/airflow/dags/daily_weather_dag.py","logger":"airflow.models.dagbag.DagBag"}
{"timestamp":"2025-07-18T10:30:53.265587","level":"info","event":"Filling up the DagBag from /opt/airflow/dags/daily_weather_dag.py","logger":"airflow.models.dagbag.DagBag"}
{"timestamp":"2025-07-18T10:31:23.991028","level":"info","event":"Filling up the DagBag from /opt/airflow/dags/daily_weather_dag.py","logger":"airflow.models.dagbag.DagBag"}
{"timestamp":"2025-07-18T10:31:54.546052","level":"info","event":"Filling up the DagBag from /opt/airflow/dags/daily_weather_dag.py","logger":"airflow.models.dagbag.DagBag"}
{"timestamp":"2025-07-18T10:32:25.249923","level":"info","event":"Filling up the DagBag from /opt/airflow/dags/daily_weather_dag.py","logger":"airflow.models.dagbag.DagBag"}
{"timestamp":"2025-07-18T10:48:08.199645","level":"info","event":"Filling up the DagBag from /opt/airflow/dags/daily_weather_dag.py","logger":"airflow.models.dagbag.DagBag"}
{"timestamp":"2025-07-18T10:48:44.828010","level":"info","event":"Filling up the DagBag from /opt/airflow/dags/daily_weather_dag.py","logger":"airflow.models.dagbag.DagBag"}
{"timestamp":"2025-07-18T10:49:15.838544","level":"info","event":"Filling up the DagBag from /opt/airflow/dags/daily_weather_dag.py","logger":"airflow.models.dagbag.DagBag"}
{"timestamp":"2025-07-18T10:49:46.552741","level":"info","event":"Filling up the DagBag from /opt/airflow/dags/daily_weather_dag.py","logger":"airflow.models.dagbag.DagBag"}
{"timestamp":"2025-07-18T10:50:17.203659","level":"info","event":"Filling up the DagBag from /opt/airflow/dags/daily_weather_dag.py","logger":"airflow.models.dagbag.DagBag"}
{"timestamp":"2025-07-18T10:50:47.879372","level":"info","event":"Filling up the DagBag from /opt/airflow/dags/daily_weather_dag.py","logger":"airflow.models.dagbag.DagBag"}
{"timestamp":"2025-07-18T10:51:18.647984","level":"info","event":"Filling up the DagBag from /opt/airflow/dags/daily_weather_dag.py","logger":"airflow.models.dagbag.DagBag"}
{"timestamp":"2025-07-18T10:51:49.450384","level":"info","event":"Filling up the DagBag from /opt/airflow/dags/daily_weather_dag.py","logger":"airflow.models.dagbag.DagBag"}
{"timestamp":"2025-07-18T10:52:20.329693","level":"info","event":"Filling up the DagBag from /opt/airflow/dags/daily_weather_dag.py","logger":"airflow.models.dagbag.DagBag"}
{"timestamp":"2025-07-18T10:52:51.119096","level":"info","event":"Filling up the DagBag from /opt/airflow/dags/daily_weather_dag.py","logger":"airflow.models.dagbag.DagBag"}
{"timestamp":"2025-07-18T10:53:21.846867","level":"info","event":"Filling up the DagBag from /opt/airflow/dags/daily_weather_dag.py","logger":"airflow.models.dagbag.DagBag"}
{"timestamp":"2025-07-18T10:53:52.517020","level":"info","event":"Filling up the DagBag from /opt/airflow/dags/daily_weather_dag.py","logger":"airflow.models.dagbag.DagBag"}
{"timestamp":"2025-07-18T10:54:23.214662","level":"info","event":"Filling up the DagBag from /opt/airflow/dags/daily_weather_dag.py","logger":"airflow.models.dagbag.DagBag"}
{"timestamp":"2025-07-18T10:54:39.661110","level":"info","event":"Filling up the DagBag from /opt/airflow/dags/daily_weather_dag.py","logger":"airflow.models.dagbag.DagBag"}
{"timestamp":"2025-07-18T10:55:01.320906","level":"info","event":"Filling up the DagBag from /opt/airflow/dags/daily_weather_dag.py","logger":"airflow.models.dagbag.DagBag"}
{"timestamp":"2025-07-18T10:55:02.677575","level":"info","event":"Filling up the DagBag from /opt/airflow/dags/daily_weather_dag.py","logger":"airflow.models.dagbag.DagBag"}
{"timestamp":"2025-07-18T10:55:02.680761","level":"error","event":"Failed to import: /opt/airflow/dags/daily_weather_dag.py","logger":"airflow.models.dagbag.DagBag","error_detail":[{"exc_type":"SyntaxError","exc_value":"invalid syntax (daily_weather_dag.py, line 30)","exc_notes":[],"syntax_error":{"offset":5,"filename":"/opt/airflow/dags/daily_weather_dag.py","line":"    /Users/madalinasamoila/airflow-weather-project/weather_data.csv\n","lineno":30,"msg":"invalid syntax"},"is_cause":false,"frames":[{"filename":"/home/airflow/.local/lib/python3.12/site-packages/airflow/models/dagbag.py","lineno":384,"name":"parse"},{"filename":"<frozen importlib._bootstrap_external>","lineno":995,"name":"exec_module"},{"filename":"<frozen importlib._bootstrap_external>","lineno":1133,"name":"get_code"},{"filename":"<frozen importlib._bootstrap_external>","lineno":1063,"name":"source_to_code"},{"filename":"<frozen importlib._bootstrap>","lineno":488,"name":"_call_with_frames_removed"}]}]}
{"timestamp":"2025-07-18T10:55:09.882671","level":"info","event":"Filling up the DagBag from /opt/airflow/dags/daily_weather_dag.py","logger":"airflow.models.dagbag.DagBag"}
{"timestamp":"2025-07-18T10:55:09.887686","level":"error","event":"Failed to import: /opt/airflow/dags/daily_weather_dag.py","logger":"airflow.models.dagbag.DagBag","error_detail":[{"exc_type":"SyntaxError","exc_value":"invalid syntax (daily_weather_dag.py, line 30)","exc_notes":[],"syntax_error":{"offset":5,"filename":"/opt/airflow/dags/daily_weather_dag.py","line":"    /Users/madalinasamoila/airflow-weather-project/weather_data.csv\n","lineno":30,"msg":"invalid syntax"},"is_cause":false,"frames":[{"filename":"/home/airflow/.local/lib/python3.12/site-packages/airflow/models/dagbag.py","lineno":384,"name":"parse"},{"filename":"<frozen importlib._bootstrap_external>","lineno":995,"name":"exec_module"},{"filename":"<frozen importlib._bootstrap_external>","lineno":1133,"name":"get_code"},{"filename":"<frozen importlib._bootstrap_external>","lineno":1063,"name":"source_to_code"},{"filename":"<frozen importlib._bootstrap>","lineno":488,"name":"_call_with_frames_removed"}]}]}
{"timestamp":"2025-07-18T10:55:11.006495","level":"info","event":"Filling up the DagBag from /opt/airflow/dags/daily_weather_dag.py","logger":"airflow.models.dagbag.DagBag"}
{"timestamp":"2025-07-18T10:55:11.010584","level":"error","event":"Failed to import: /opt/airflow/dags/daily_weather_dag.py","logger":"airflow.models.dagbag.DagBag","error_detail":[{"exc_type":"SyntaxError","exc_value":"invalid syntax (daily_weather_dag.py, line 30)","exc_notes":[],"syntax_error":{"offset":5,"filename":"/opt/airflow/dags/daily_weather_dag.py","line":"    /Users/madalinasamoila/airflow-weather-project/weather_data.csv\n","lineno":30,"msg":"invalid syntax"},"is_cause":false,"frames":[{"filename":"/home/airflow/.local/lib/python3.12/site-packages/airflow/models/dagbag.py","lineno":384,"name":"parse"},{"filename":"<frozen importlib._bootstrap_external>","lineno":995,"name":"exec_module"},{"filename":"<frozen importlib._bootstrap_external>","lineno":1133,"name":"get_code"},{"filename":"<frozen importlib._bootstrap_external>","lineno":1063,"name":"source_to_code"},{"filename":"<frozen importlib._bootstrap>","lineno":488,"name":"_call_with_frames_removed"}]}]}
{"timestamp":"2025-07-18T10:55:14.177362","level":"info","event":"Filling up the DagBag from /opt/airflow/dags/daily_weather_dag.py","logger":"airflow.models.dagbag.DagBag"}
{"timestamp":"2025-07-18T10:55:45.051116","level":"info","event":"Filling up the DagBag from /opt/airflow/dags/daily_weather_dag.py","logger":"airflow.models.dagbag.DagBag"}
{"timestamp":"2025-07-18T10:56:15.995453","level":"info","event":"Filling up the DagBag from /opt/airflow/dags/daily_weather_dag.py","logger":"airflow.models.dagbag.DagBag"}
{"timestamp":"2025-07-18T10:56:46.709959","level":"info","event":"Filling up the DagBag from /opt/airflow/dags/daily_weather_dag.py","logger":"airflow.models.dagbag.DagBag"}
{"timestamp":"2025-07-18T10:57:17.465649","level":"info","event":"Filling up the DagBag from /opt/airflow/dags/daily_weather_dag.py","logger":"airflow.models.dagbag.DagBag"}
{"timestamp":"2025-07-18T10:57:48.371081","level":"info","event":"Filling up the DagBag from /opt/airflow/dags/daily_weather_dag.py","logger":"airflow.models.dagbag.DagBag"}
{"timestamp":"2025-07-18T10:58:18.348040","level":"info","event":"Filling up the DagBag from /opt/airflow/dags/daily_weather_dag.py","logger":"airflow.models.dagbag.DagBag"}
{"timestamp":"2025-07-18T10:58:18.357080","level":"error","event":"Failed to import: /opt/airflow/dags/daily_weather_dag.py","logger":"airflow.models.dagbag.DagBag","error_detail":[{"exc_type":"ModuleNotFoundError","exc_value":"No module named 'airflow.providers.standard.operators.python.PythonOperator'; 'airflow.providers.standard.operators.python' is not a package","exc_notes":[],"syntax_error":null,"is_cause":false,"frames":[{"filename":"/home/airflow/.local/lib/python3.12/site-packages/airflow/models/dagbag.py","lineno":384,"name":"parse"},{"filename":"<frozen importlib._bootstrap_external>","lineno":999,"name":"exec_module"},{"filename":"<frozen importlib._bootstrap>","lineno":488,"name":"_call_with_frames_removed"},{"filename":"/opt/airflow/dags/daily_weather_dag.py","lineno":3,"name":"<module>"}]}]}
{"timestamp":"2025-07-18T10:58:49.120114","level":"info","event":"Filling up the DagBag from /opt/airflow/dags/daily_weather_dag.py","logger":"airflow.models.dagbag.DagBag"}
{"timestamp":"2025-07-18T10:58:49.123852","level":"error","event":"Failed to import: /opt/airflow/dags/daily_weather_dag.py","logger":"airflow.models.dagbag.DagBag","error_detail":[{"exc_type":"ModuleNotFoundError","exc_value":"No module named 'airflow.providers.standard.operators.python.PythonOperator'; 'airflow.providers.standard.operators.python' is not a package","exc_notes":[],"syntax_error":null,"is_cause":false,"frames":[{"filename":"/home/airflow/.local/lib/python3.12/site-packages/airflow/models/dagbag.py","lineno":384,"name":"parse"},{"filename":"<frozen importlib._bootstrap_external>","lineno":999,"name":"exec_module"},{"filename":"<frozen importlib._bootstrap>","lineno":488,"name":"_call_with_frames_removed"},{"filename":"/opt/airflow/dags/daily_weather_dag.py","lineno":3,"name":"<module>"}]}]}
{"timestamp":"2025-07-18T10:58:59.393854","level":"info","event":"Filling up the DagBag from /opt/airflow/dags/daily_weather_dag.py","logger":"airflow.models.dagbag.DagBag"}
{"timestamp":"2025-07-18T10:59:11.135579","level":"info","event":"Filling up the DagBag from /opt/airflow/dags/daily_weather_dag.py","logger":"airflow.models.dagbag.DagBag"}
{"timestamp":"2025-07-18T10:59:15.349531","level":"info","event":"Filling up the DagBag from /opt/airflow/dags/daily_weather_dag.py","logger":"airflow.models.dagbag.DagBag"}
{"timestamp":"2025-07-18T10:59:16.461385","level":"info","event":"Filling up the DagBag from /opt/airflow/dags/daily_weather_dag.py","logger":"airflow.models.dagbag.DagBag"}
{"timestamp":"2025-07-18T10:59:47.016349","level":"info","event":"Filling up the DagBag from /opt/airflow/dags/daily_weather_dag.py","logger":"airflow.models.dagbag.DagBag"}
{"timestamp":"2025-07-18T11:00:17.646554","level":"info","event":"Filling up the DagBag from /opt/airflow/dags/daily_weather_dag.py","logger":"airflow.models.dagbag.DagBag"}
{"timestamp":"2025-07-18T11:00:48.186448","level":"info","event":"Filling up the DagBag from /opt/airflow/dags/daily_weather_dag.py","logger":"airflow.models.dagbag.DagBag"}
{"timestamp":"2025-07-18T11:00:54.420788","level":"info","event":"Filling up the DagBag from /opt/airflow/dags/daily_weather_dag.py","logger":"airflow.models.dagbag.DagBag"}
{"timestamp":"2025-07-18T11:01:05.785397","level":"info","event":"Filling up the DagBag from /opt/airflow/dags/daily_weather_dag.py","logger":"airflow.models.dagbag.DagBag"}
{"timestamp":"2025-07-18T11:01:36.281356","level":"info","event":"Filling up the DagBag from /opt/airflow/dags/daily_weather_dag.py","logger":"airflow.models.dagbag.DagBag"}
{"timestamp":"2025-07-18T11:02:06.830591","level":"info","event":"Filling up the DagBag from /opt/airflow/dags/daily_weather_dag.py","logger":"airflow.models.dagbag.DagBag"}
{"timestamp":"2025-07-18T11:02:37.461964","level":"info","event":"Filling up the DagBag from /opt/airflow/dags/daily_weather_dag.py","logger":"airflow.models.dagbag.DagBag"}
{"timestamp":"2025-07-18T11:03:07.956385","level":"info","event":"Filling up the DagBag from /opt/airflow/dags/daily_weather_dag.py","logger":"airflow.models.dagbag.DagBag"}
{"timestamp":"2025-07-18T11:03:38.537476","level":"info","event":"Filling up the DagBag from /opt/airflow/dags/daily_weather_dag.py","logger":"airflow.models.dagbag.DagBag"}
{"timestamp":"2025-07-18T11:04:09.057970","level":"info","event":"Filling up the DagBag from /opt/airflow/dags/daily_weather_dag.py","logger":"airflow.models.dagbag.DagBag"}
{"timestamp":"2025-07-18T11:04:39.662334","level":"info","event":"Filling up the DagBag from /opt/airflow/dags/daily_weather_dag.py","logger":"airflow.models.dagbag.DagBag"}
{"timestamp":"2025-07-18T11:05:10.449887","level":"info","event":"Filling up the DagBag from /opt/airflow/dags/daily_weather_dag.py","logger":"airflow.models.dagbag.DagBag"}
{"timestamp":"2025-07-18T11:05:31.952861","level":"info","event":"Filling up the DagBag from /opt/airflow/dags/daily_weather_dag.py","logger":"airflow.models.dagbag.DagBag"}
{"timestamp":"2025-07-18T11:05:31.955232","level":"info","event":"File /opt/airflow/dags/daily_weather_dag.py assumed to contain no DAGs. Skipping.","logger":"airflow.models.dagbag.DagBag"}
{"timestamp":"2025-07-18T11:05:33.138704","level":"info","event":"Filling up the DagBag from /opt/airflow/dags/daily_weather_dag.py","logger":"airflow.models.dagbag.DagBag"}
{"timestamp":"2025-07-18T11:05:38.428304","level":"info","event":"Filling up the DagBag from /opt/airflow/dags/daily_weather_dag.py","logger":"airflow.models.dagbag.DagBag"}
{"timestamp":"2025-07-18T11:05:38.552582","level":"info","event":"Filling up the DagBag from /opt/airflow/dags/daily_weather_dag.py","logger":"airflow.models.dagbag.DagBag"}
{"timestamp":"2025-07-18T11:05:38.557839","level":"error","event":"Failed to import: /opt/airflow/dags/daily_weather_dag.py","logger":"airflow.models.dagbag.DagBag","error_detail":[{"exc_type":"IndentationError","exc_value":"unexpected indent (daily_weather_dag.py, line 33)","exc_notes":[],"syntax_error":{"offset":4,"filename":"/opt/airflow/dags/daily_weather_dag.py","line":"    df.to_csv(filename, index= False)\n","lineno":33,"msg":"unexpected indent"},"is_cause":false,"frames":[{"filename":"/home/airflow/.local/lib/python3.12/site-packages/airflow/models/dagbag.py","lineno":384,"name":"parse"},{"filename":"<frozen importlib._bootstrap_external>","lineno":995,"name":"exec_module"},{"filename":"<frozen importlib._bootstrap_external>","lineno":1133,"name":"get_code"},{"filename":"<frozen importlib._bootstrap_external>","lineno":1063,"name":"source_to_code"},{"filename":"<frozen importlib._bootstrap>","lineno":488,"name":"_call_with_frames_removed"}]}]}
{"timestamp":"2025-07-18T11:05:40.765909","level":"info","event":"Filling up the DagBag from /opt/airflow/dags/daily_weather_dag.py","logger":"airflow.models.dagbag.DagBag"}
{"timestamp":"2025-07-18T11:05:45.044042","level":"info","event":"Filling up the DagBag from /opt/airflow/dags/daily_weather_dag.py","logger":"airflow.models.dagbag.DagBag"}
{"timestamp":"2025-07-18T11:06:15.659486","level":"info","event":"Filling up the DagBag from /opt/airflow/dags/daily_weather_dag.py","logger":"airflow.models.dagbag.DagBag"}
{"timestamp":"2025-07-18T11:06:46.143137","level":"info","event":"Filling up the DagBag from /opt/airflow/dags/daily_weather_dag.py","logger":"airflow.models.dagbag.DagBag"}
{"timestamp":"2025-07-18T11:07:16.653522","level":"info","event":"Filling up the DagBag from /opt/airflow/dags/daily_weather_dag.py","logger":"airflow.models.dagbag.DagBag"}
{"timestamp":"2025-07-18T11:07:47.129426","level":"info","event":"Filling up the DagBag from /opt/airflow/dags/daily_weather_dag.py","logger":"airflow.models.dagbag.DagBag"}
{"timestamp":"2025-07-18T11:08:17.701179","level":"info","event":"Filling up the DagBag from /opt/airflow/dags/daily_weather_dag.py","logger":"airflow.models.dagbag.DagBag"}
{"timestamp":"2025-07-18T11:08:48.221249","level":"info","event":"Filling up the DagBag from /opt/airflow/dags/daily_weather_dag.py","logger":"airflow.models.dagbag.DagBag"}
{"timestamp":"2025-07-18T11:09:18.762267","level":"info","event":"Filling up the DagBag from /opt/airflow/dags/daily_weather_dag.py","logger":"airflow.models.dagbag.DagBag"}
{"timestamp":"2025-07-18T11:09:49.246494","level":"info","event":"Filling up the DagBag from /opt/airflow/dags/daily_weather_dag.py","logger":"airflow.models.dagbag.DagBag"}
{"timestamp":"2025-07-18T11:10:19.734335","level":"info","event":"Filling up the DagBag from /opt/airflow/dags/daily_weather_dag.py","logger":"airflow.models.dagbag.DagBag"}
{"timestamp":"2025-07-18T11:10:51.051391","level":"info","event":"Filling up the DagBag from /opt/airflow/dags/daily_weather_dag.py","logger":"airflow.models.dagbag.DagBag"}
{"timestamp":"2025-07-18T11:11:21.796615","level":"info","event":"Filling up the DagBag from /opt/airflow/dags/daily_weather_dag.py","logger":"airflow.models.dagbag.DagBag"}
{"timestamp":"2025-07-18T11:11:52.418411","level":"info","event":"Filling up the DagBag from /opt/airflow/dags/daily_weather_dag.py","logger":"airflow.models.dagbag.DagBag"}
{"timestamp":"2025-07-18T11:12:23.298076","level":"info","event":"Filling up the DagBag from /opt/airflow/dags/daily_weather_dag.py","logger":"airflow.models.dagbag.DagBag"}
{"timestamp":"2025-07-18T11:12:54.007265","level":"info","event":"Filling up the DagBag from /opt/airflow/dags/daily_weather_dag.py","logger":"airflow.models.dagbag.DagBag"}
{"timestamp":"2025-07-18T11:13:24.722651","level":"info","event":"Filling up the DagBag from /opt/airflow/dags/daily_weather_dag.py","logger":"airflow.models.dagbag.DagBag"}
{"timestamp":"2025-07-18T11:13:55.556392","level":"info","event":"Filling up the DagBag from /opt/airflow/dags/daily_weather_dag.py","logger":"airflow.models.dagbag.DagBag"}
{"timestamp":"2025-07-18T11:14:26.553655","level":"info","event":"Filling up the DagBag from /opt/airflow/dags/daily_weather_dag.py","logger":"airflow.models.dagbag.DagBag"}
{"timestamp":"2025-07-18T11:14:57.669464","level":"info","event":"Filling up the DagBag from /opt/airflow/dags/daily_weather_dag.py","logger":"airflow.models.dagbag.DagBag"}
{"timestamp":"2025-07-18T11:15:15.196216","level":"info","event":"Filling up the DagBag from /opt/airflow/dags/daily_weather_dag.py","logger":"airflow.models.dagbag.DagBag"}
{"timestamp":"2025-07-18T11:15:15.201868","level":"error","event":"Failed to import: /opt/airflow/dags/daily_weather_dag.py","logger":"airflow.models.dagbag.DagBag","error_detail":[{"exc_type":"SyntaxError","exc_value":"'{' was never closed (daily_weather_dag.py, line 16)","exc_notes":[],"syntax_error":{"offset":15,"filename":"/opt/airflow/dags/daily_weather_dag.py","line":"    summary = {\n","lineno":16,"msg":"'{' was never closed"},"is_cause":false,"frames":[{"filename":"/home/airflow/.local/lib/python3.12/site-packages/airflow/models/dagbag.py","lineno":384,"name":"parse"},{"filename":"<frozen importlib._bootstrap_external>","lineno":995,"name":"exec_module"},{"filename":"<frozen importlib._bootstrap_external>","lineno":1133,"name":"get_code"},{"filename":"<frozen importlib._bootstrap_external>","lineno":1063,"name":"source_to_code"},{"filename":"<frozen importlib._bootstrap>","lineno":488,"name":"_call_with_frames_removed"}]}]}
{"timestamp":"2025-07-18T11:15:16.368814","level":"info","event":"Filling up the DagBag from /opt/airflow/dags/daily_weather_dag.py","logger":"airflow.models.dagbag.DagBag"}
{"timestamp":"2025-07-18T11:15:46.995817","level":"info","event":"Filling up the DagBag from /opt/airflow/dags/daily_weather_dag.py","logger":"airflow.models.dagbag.DagBag"}
{"timestamp":"2025-07-18T11:16:17.578459","level":"info","event":"Filling up the DagBag from /opt/airflow/dags/daily_weather_dag.py","logger":"airflow.models.dagbag.DagBag"}
{"timestamp":"2025-07-18T11:16:40.146187","level":"info","event":"Filling up the DagBag from /opt/airflow/dags/daily_weather_dag.py","logger":"airflow.models.dagbag.DagBag"}
{"timestamp":"2025-07-18T11:16:42.284103","level":"info","event":"Filling up the DagBag from /opt/airflow/dags/daily_weather_dag.py","logger":"airflow.models.dagbag.DagBag"}
{"timestamp":"2025-07-18T11:16:49.559398","level":"info","event":"Filling up the DagBag from /opt/airflow/dags/daily_weather_dag.py","logger":"airflow.models.dagbag.DagBag"}
{"timestamp":"2025-07-18T11:17:46.424383","level":"info","event":"Filling up the DagBag from /opt/airflow/dags/daily_weather_dag.py","logger":"airflow.models.dagbag.DagBag"}
{"timestamp":"2025-07-18T11:18:21.097361","level":"info","event":"Filling up the DagBag from /opt/airflow/dags/daily_weather_dag.py","logger":"airflow.models.dagbag.DagBag"}
{"timestamp":"2025-07-18T11:18:51.724050","level":"info","event":"Filling up the DagBag from /opt/airflow/dags/daily_weather_dag.py","logger":"airflow.models.dagbag.DagBag"}
{"timestamp":"2025-07-18T11:18:59.969919","level":"info","event":"Filling up the DagBag from /opt/airflow/dags/daily_weather_dag.py","logger":"airflow.models.dagbag.DagBag"}
{"timestamp":"2025-07-18T11:19:30.801546","level":"info","event":"Filling up the DagBag from /opt/airflow/dags/daily_weather_dag.py","logger":"airflow.models.dagbag.DagBag"}
{"timestamp":"2025-07-18T11:19:36.102881","level":"info","event":"Filling up the DagBag from /opt/airflow/dags/daily_weather_dag.py","logger":"airflow.models.dagbag.DagBag"}
{"timestamp":"2025-07-18T11:20:06.587374","level":"info","event":"Filling up the DagBag from /opt/airflow/dags/daily_weather_dag.py","logger":"airflow.models.dagbag.DagBag"}
{"timestamp":"2025-07-18T11:20:36.994175","level":"info","event":"Filling up the DagBag from /opt/airflow/dags/daily_weather_dag.py","logger":"airflow.models.dagbag.DagBag"}
{"timestamp":"2025-07-18T11:21:07.399173","level":"info","event":"Filling up the DagBag from /opt/airflow/dags/daily_weather_dag.py","logger":"airflow.models.dagbag.DagBag"}
{"timestamp":"2025-07-18T11:21:37.882628","level":"info","event":"Filling up the DagBag from /opt/airflow/dags/daily_weather_dag.py","logger":"airflow.models.dagbag.DagBag"}
{"timestamp":"2025-07-18T11:22:08.404193","level":"info","event":"Filling up the DagBag from /opt/airflow/dags/daily_weather_dag.py","logger":"airflow.models.dagbag.DagBag"}
{"timestamp":"2025-07-18T11:22:38.934985","level":"info","event":"Filling up the DagBag from /opt/airflow/dags/daily_weather_dag.py","logger":"airflow.models.dagbag.DagBag"}
{"timestamp":"2025-07-18T11:23:09.488936","level":"info","event":"Filling up the DagBag from /opt/airflow/dags/daily_weather_dag.py","logger":"airflow.models.dagbag.DagBag"}
{"timestamp":"2025-07-18T11:23:39.946484","level":"info","event":"Filling up the DagBag from /opt/airflow/dags/daily_weather_dag.py","logger":"airflow.models.dagbag.DagBag"}
{"timestamp":"2025-07-18T11:24:10.441552","level":"info","event":"Filling up the DagBag from /opt/airflow/dags/daily_weather_dag.py","logger":"airflow.models.dagbag.DagBag"}
{"timestamp":"2025-07-18T11:24:40.878478","level":"info","event":"Filling up the DagBag from /opt/airflow/dags/daily_weather_dag.py","logger":"airflow.models.dagbag.DagBag"}
{"timestamp":"2025-07-18T11:25:11.278810","level":"info","event":"Filling up the DagBag from /opt/airflow/dags/daily_weather_dag.py","logger":"airflow.models.dagbag.DagBag"}
{"timestamp":"2025-07-18T11:25:41.737770","level":"info","event":"Filling up the DagBag from /opt/airflow/dags/daily_weather_dag.py","logger":"airflow.models.dagbag.DagBag"}
{"timestamp":"2025-07-18T11:26:12.199868","level":"info","event":"Filling up the DagBag from /opt/airflow/dags/daily_weather_dag.py","logger":"airflow.models.dagbag.DagBag"}
{"timestamp":"2025-07-18T11:26:42.608606","level":"info","event":"Filling up the DagBag from /opt/airflow/dags/daily_weather_dag.py","logger":"airflow.models.dagbag.DagBag"}
{"timestamp":"2025-07-18T11:27:13.155854","level":"info","event":"Filling up the DagBag from /opt/airflow/dags/daily_weather_dag.py","logger":"airflow.models.dagbag.DagBag"}
{"timestamp":"2025-07-18T11:27:43.661135","level":"info","event":"Filling up the DagBag from /opt/airflow/dags/daily_weather_dag.py","logger":"airflow.models.dagbag.DagBag"}
{"timestamp":"2025-07-18T11:28:14.150015","level":"info","event":"Filling up the DagBag from /opt/airflow/dags/daily_weather_dag.py","logger":"airflow.models.dagbag.DagBag"}
{"timestamp":"2025-07-18T11:28:44.620677","level":"info","event":"Filling up the DagBag from /opt/airflow/dags/daily_weather_dag.py","logger":"airflow.models.dagbag.DagBag"}
{"timestamp":"2025-07-18T11:29:15.185392","level":"info","event":"Filling up the DagBag from /opt/airflow/dags/daily_weather_dag.py","logger":"airflow.models.dagbag.DagBag"}
{"timestamp":"2025-07-18T11:29:36.781259","level":"info","event":"Filling up the DagBag from /opt/airflow/dags/daily_weather_dag.py","logger":"airflow.models.dagbag.DagBag"}
{"timestamp":"2025-07-18T11:29:36.787899","level":"error","event":"Failed to import: /opt/airflow/dags/daily_weather_dag.py","logger":"airflow.models.dagbag.DagBag","error_detail":[{"exc_type":"SyntaxError","exc_value":"'return' outside function (daily_weather_dag.py, line 40)","exc_notes":[],"syntax_error":{"offset":5,"filename":"/opt/airflow/dags/daily_weather_dag.py","line":"    return df.to_dict()\n","lineno":40,"msg":"'return' outside function"},"is_cause":false,"frames":[{"filename":"/home/airflow/.local/lib/python3.12/site-packages/airflow/models/dagbag.py","lineno":384,"name":"parse"},{"filename":"<frozen importlib._bootstrap_external>","lineno":995,"name":"exec_module"},{"filename":"<frozen importlib._bootstrap_external>","lineno":1133,"name":"get_code"},{"filename":"<frozen importlib._bootstrap_external>","lineno":1063,"name":"source_to_code"},{"filename":"<frozen importlib._bootstrap>","lineno":488,"name":"_call_with_frames_removed"}]}]}
{"timestamp":"2025-07-18T11:29:38.965778","level":"info","event":"Filling up the DagBag from /opt/airflow/dags/daily_weather_dag.py","logger":"airflow.models.dagbag.DagBag"}
{"timestamp":"2025-07-18T11:29:47.277371","level":"info","event":"Filling up the DagBag from /opt/airflow/dags/daily_weather_dag.py","logger":"airflow.models.dagbag.DagBag"}
{"timestamp":"2025-07-18T11:29:49.505837","level":"info","event":"Filling up the DagBag from /opt/airflow/dags/daily_weather_dag.py","logger":"airflow.models.dagbag.DagBag"}
{"timestamp":"2025-07-18T11:30:19.996958","level":"info","event":"Filling up the DagBag from /opt/airflow/dags/daily_weather_dag.py","logger":"airflow.models.dagbag.DagBag"}
{"timestamp":"2025-07-18T11:30:50.476373","level":"info","event":"Filling up the DagBag from /opt/airflow/dags/daily_weather_dag.py","logger":"airflow.models.dagbag.DagBag"}
{"timestamp":"2025-07-18T11:31:20.978657","level":"info","event":"Filling up the DagBag from /opt/airflow/dags/daily_weather_dag.py","logger":"airflow.models.dagbag.DagBag"}
{"timestamp":"2025-07-18T11:31:51.449971","level":"info","event":"Filling up the DagBag from /opt/airflow/dags/daily_weather_dag.py","logger":"airflow.models.dagbag.DagBag"}
{"timestamp":"2025-07-18T11:32:21.960816","level":"info","event":"Filling up the DagBag from /opt/airflow/dags/daily_weather_dag.py","logger":"airflow.models.dagbag.DagBag"}
{"timestamp":"2025-07-18T11:32:52.444684","level":"info","event":"Filling up the DagBag from /opt/airflow/dags/daily_weather_dag.py","logger":"airflow.models.dagbag.DagBag"}
{"timestamp":"2025-07-18T11:33:22.904693","level":"info","event":"Filling up the DagBag from /opt/airflow/dags/daily_weather_dag.py","logger":"airflow.models.dagbag.DagBag"}
{"timestamp":"2025-07-18T11:33:53.351330","level":"info","event":"Filling up the DagBag from /opt/airflow/dags/daily_weather_dag.py","logger":"airflow.models.dagbag.DagBag"}
{"timestamp":"2025-07-18T11:34:23.849896","level":"info","event":"Filling up the DagBag from /opt/airflow/dags/daily_weather_dag.py","logger":"airflow.models.dagbag.DagBag"}
{"timestamp":"2025-07-18T11:34:54.403011","level":"info","event":"Filling up the DagBag from /opt/airflow/dags/daily_weather_dag.py","logger":"airflow.models.dagbag.DagBag"}
{"timestamp":"2025-07-18T11:35:24.890910","level":"info","event":"Filling up the DagBag from /opt/airflow/dags/daily_weather_dag.py","logger":"airflow.models.dagbag.DagBag"}
{"timestamp":"2025-07-18T11:35:55.363635","level":"info","event":"Filling up the DagBag from /opt/airflow/dags/daily_weather_dag.py","logger":"airflow.models.dagbag.DagBag"}
{"timestamp":"2025-07-18T11:36:25.777318","level":"info","event":"Filling up the DagBag from /opt/airflow/dags/daily_weather_dag.py","logger":"airflow.models.dagbag.DagBag"}
{"timestamp":"2025-07-18T11:36:56.160315","level":"info","event":"Filling up the DagBag from /opt/airflow/dags/daily_weather_dag.py","logger":"airflow.models.dagbag.DagBag"}
{"timestamp":"2025-07-18T11:37:26.602005","level":"info","event":"Filling up the DagBag from /opt/airflow/dags/daily_weather_dag.py","logger":"airflow.models.dagbag.DagBag"}
{"timestamp":"2025-07-18T11:37:57.366969","level":"info","event":"Filling up the DagBag from /opt/airflow/dags/daily_weather_dag.py","logger":"airflow.models.dagbag.DagBag"}
{"timestamp":"2025-07-18T11:38:16.865496","level":"info","event":"Filling up the DagBag from /opt/airflow/dags/daily_weather_dag.py","logger":"airflow.models.dagbag.DagBag"}
{"timestamp":"2025-07-18T11:38:20.149348","level":"info","event":"Filling up the DagBag from /opt/airflow/dags/daily_weather_dag.py","logger":"airflow.models.dagbag.DagBag"}
{"timestamp":"2025-07-18T11:38:50.731754","level":"info","event":"Filling up the DagBag from /opt/airflow/dags/daily_weather_dag.py","logger":"airflow.models.dagbag.DagBag"}
{"timestamp":"2025-07-18T11:39:21.253900","level":"info","event":"Filling up the DagBag from /opt/airflow/dags/daily_weather_dag.py","logger":"airflow.models.dagbag.DagBag"}
{"timestamp":"2025-07-18T11:39:51.831697","level":"info","event":"Filling up the DagBag from /opt/airflow/dags/daily_weather_dag.py","logger":"airflow.models.dagbag.DagBag"}
{"timestamp":"2025-07-18T11:40:22.375516","level":"info","event":"Filling up the DagBag from /opt/airflow/dags/daily_weather_dag.py","logger":"airflow.models.dagbag.DagBag"}
{"timestamp":"2025-07-18T11:40:52.881800","level":"info","event":"Filling up the DagBag from /opt/airflow/dags/daily_weather_dag.py","logger":"airflow.models.dagbag.DagBag"}
{"timestamp":"2025-07-18T11:41:23.486196","level":"info","event":"Filling up the DagBag from /opt/airflow/dags/daily_weather_dag.py","logger":"airflow.models.dagbag.DagBag"}
{"timestamp":"2025-07-18T11:41:54.164870","level":"info","event":"Filling up the DagBag from /opt/airflow/dags/daily_weather_dag.py","logger":"airflow.models.dagbag.DagBag"}
{"timestamp":"2025-07-18T11:42:24.835970","level":"info","event":"Filling up the DagBag from /opt/airflow/dags/daily_weather_dag.py","logger":"airflow.models.dagbag.DagBag"}
{"timestamp":"2025-07-18T11:42:55.552304","level":"info","event":"Filling up the DagBag from /opt/airflow/dags/daily_weather_dag.py","logger":"airflow.models.dagbag.DagBag"}
{"timestamp":"2025-07-18T11:43:26.322953","level":"info","event":"Filling up the DagBag from /opt/airflow/dags/daily_weather_dag.py","logger":"airflow.models.dagbag.DagBag"}
{"timestamp":"2025-07-18T11:43:56.924500","level":"info","event":"Filling up the DagBag from /opt/airflow/dags/daily_weather_dag.py","logger":"airflow.models.dagbag.DagBag"}
{"timestamp":"2025-07-18T11:44:27.451614","level":"info","event":"Filling up the DagBag from /opt/airflow/dags/daily_weather_dag.py","logger":"airflow.models.dagbag.DagBag"}
{"timestamp":"2025-07-18T11:44:57.989302","level":"info","event":"Filling up the DagBag from /opt/airflow/dags/daily_weather_dag.py","logger":"airflow.models.dagbag.DagBag"}
{"timestamp":"2025-07-18T11:45:28.524443","level":"info","event":"Filling up the DagBag from /opt/airflow/dags/daily_weather_dag.py","logger":"airflow.models.dagbag.DagBag"}
{"timestamp":"2025-07-18T11:45:59.095964","level":"info","event":"Filling up the DagBag from /opt/airflow/dags/daily_weather_dag.py","logger":"airflow.models.dagbag.DagBag"}
{"timestamp":"2025-07-18T11:46:29.585463","level":"info","event":"Filling up the DagBag from /opt/airflow/dags/daily_weather_dag.py","logger":"airflow.models.dagbag.DagBag"}
{"timestamp":"2025-07-18T11:47:00.145231","level":"info","event":"Filling up the DagBag from /opt/airflow/dags/daily_weather_dag.py","logger":"airflow.models.dagbag.DagBag"}
{"timestamp":"2025-07-18T11:47:30.753710","level":"info","event":"Filling up the DagBag from /opt/airflow/dags/daily_weather_dag.py","logger":"airflow.models.dagbag.DagBag"}
{"timestamp":"2025-07-18T11:48:01.265764","level":"info","event":"Filling up the DagBag from /opt/airflow/dags/daily_weather_dag.py","logger":"airflow.models.dagbag.DagBag"}
{"timestamp":"2025-07-18T11:48:31.930442","level":"info","event":"Filling up the DagBag from /opt/airflow/dags/daily_weather_dag.py","logger":"airflow.models.dagbag.DagBag"}
{"timestamp":"2025-07-18T11:49:02.536930","level":"info","event":"Filling up the DagBag from /opt/airflow/dags/daily_weather_dag.py","logger":"airflow.models.dagbag.DagBag"}
{"timestamp":"2025-07-18T11:49:33.050703","level":"info","event":"Filling up the DagBag from /opt/airflow/dags/daily_weather_dag.py","logger":"airflow.models.dagbag.DagBag"}
{"timestamp":"2025-07-18T11:50:03.555844","level":"info","event":"Filling up the DagBag from /opt/airflow/dags/daily_weather_dag.py","logger":"airflow.models.dagbag.DagBag"}
{"timestamp":"2025-07-18T11:50:34.021651","level":"info","event":"Filling up the DagBag from /opt/airflow/dags/daily_weather_dag.py","logger":"airflow.models.dagbag.DagBag"}
{"timestamp":"2025-07-18T11:50:49.435578","level":"info","event":"Filling up the DagBag from /opt/airflow/dags/daily_weather_dag.py","logger":"airflow.models.dagbag.DagBag"}
{"timestamp":"2025-07-18T11:50:57.704122","level":"info","event":"Filling up the DagBag from /opt/airflow/dags/daily_weather_dag.py","logger":"airflow.models.dagbag.DagBag"}
{"timestamp":"2025-07-18T11:51:00.925699","level":"info","event":"Filling up the DagBag from /opt/airflow/dags/daily_weather_dag.py","logger":"airflow.models.dagbag.DagBag"}
{"timestamp":"2025-07-18T11:51:31.524686","level":"info","event":"Filling up the DagBag from /opt/airflow/dags/daily_weather_dag.py","logger":"airflow.models.dagbag.DagBag"}
{"timestamp":"2025-07-18T11:52:02.124942","level":"info","event":"Filling up the DagBag from /opt/airflow/dags/daily_weather_dag.py","logger":"airflow.models.dagbag.DagBag"}
{"timestamp":"2025-07-18T11:52:32.750063","level":"info","event":"Filling up the DagBag from /opt/airflow/dags/daily_weather_dag.py","logger":"airflow.models.dagbag.DagBag"}
{"timestamp":"2025-07-18T11:53:03.335485","level":"info","event":"Filling up the DagBag from /opt/airflow/dags/daily_weather_dag.py","logger":"airflow.models.dagbag.DagBag"}
{"timestamp":"2025-07-18T11:53:33.943797","level":"info","event":"Filling up the DagBag from /opt/airflow/dags/daily_weather_dag.py","logger":"airflow.models.dagbag.DagBag"}
{"timestamp":"2025-07-18T11:54:04.474566","level":"info","event":"Filling up the DagBag from /opt/airflow/dags/daily_weather_dag.py","logger":"airflow.models.dagbag.DagBag"}
{"timestamp":"2025-07-18T11:54:35.103590","level":"info","event":"Filling up the DagBag from /opt/airflow/dags/daily_weather_dag.py","logger":"airflow.models.dagbag.DagBag"}
{"timestamp":"2025-07-18T11:55:05.681723","level":"info","event":"Filling up the DagBag from /opt/airflow/dags/daily_weather_dag.py","logger":"airflow.models.dagbag.DagBag"}
{"timestamp":"2025-07-18T11:55:36.108218","level":"info","event":"Filling up the DagBag from /opt/airflow/dags/daily_weather_dag.py","logger":"airflow.models.dagbag.DagBag"}
{"timestamp":"2025-07-18T11:56:06.870804","level":"info","event":"Filling up the DagBag from /opt/airflow/dags/daily_weather_dag.py","logger":"airflow.models.dagbag.DagBag"}
{"timestamp":"2025-07-18T11:56:37.589330","level":"info","event":"Filling up the DagBag from /opt/airflow/dags/daily_weather_dag.py","logger":"airflow.models.dagbag.DagBag"}
{"timestamp":"2025-07-18T11:57:08.372251","level":"info","event":"Filling up the DagBag from /opt/airflow/dags/daily_weather_dag.py","logger":"airflow.models.dagbag.DagBag"}
{"timestamp":"2025-07-18T11:57:39.141215","level":"info","event":"Filling up the DagBag from /opt/airflow/dags/daily_weather_dag.py","logger":"airflow.models.dagbag.DagBag"}
{"timestamp":"2025-07-18T11:58:09.681582","level":"info","event":"Filling up the DagBag from /opt/airflow/dags/daily_weather_dag.py","logger":"airflow.models.dagbag.DagBag"}
{"timestamp":"2025-07-18T11:58:40.324849","level":"info","event":"Filling up the DagBag from /opt/airflow/dags/daily_weather_dag.py","logger":"airflow.models.dagbag.DagBag"}
{"timestamp":"2025-07-18T11:59:11.061164","level":"info","event":"Filling up the DagBag from /opt/airflow/dags/daily_weather_dag.py","logger":"airflow.models.dagbag.DagBag"}
{"timestamp":"2025-07-18T11:59:41.772819","level":"info","event":"Filling up the DagBag from /opt/airflow/dags/daily_weather_dag.py","logger":"airflow.models.dagbag.DagBag"}
{"timestamp":"2025-07-18T12:00:12.699284","level":"info","event":"Filling up the DagBag from /opt/airflow/dags/daily_weather_dag.py","logger":"airflow.models.dagbag.DagBag"}
{"timestamp":"2025-07-18T12:00:15.055347","level":"info","event":"Filling up the DagBag from /opt/airflow/dags/daily_weather_dag.py","logger":"airflow.models.dagbag.DagBag"}
{"timestamp":"2025-07-18T12:00:29.660834","level":"info","event":"Filling up the DagBag from /opt/airflow/dags/daily_weather_dag.py","logger":"airflow.models.dagbag.DagBag"}
{"timestamp":"2025-07-18T12:00:34.997138","level":"info","event":"Filling up the DagBag from /opt/airflow/dags/daily_weather_dag.py","logger":"airflow.models.dagbag.DagBag"}
{"timestamp":"2025-07-18T12:00:43.582743","level":"info","event":"Filling up the DagBag from /opt/airflow/dags/daily_weather_dag.py","logger":"airflow.models.dagbag.DagBag"}
{"timestamp":"2025-07-18T12:00:51.990845","level":"info","event":"Filling up the DagBag from /opt/airflow/dags/daily_weather_dag.py","logger":"airflow.models.dagbag.DagBag"}
{"timestamp":"2025-07-18T12:01:08.368212","level":"info","event":"Filling up the DagBag from /opt/airflow/dags/daily_weather_dag.py","logger":"airflow.models.dagbag.DagBag"}
{"timestamp":"2025-07-18T12:01:10.632364","level":"info","event":"Filling up the DagBag from /opt/airflow/dags/daily_weather_dag.py","logger":"airflow.models.dagbag.DagBag"}
{"timestamp":"2025-07-18T12:01:31.397564","level":"info","event":"Filling up the DagBag from /opt/airflow/dags/daily_weather_dag.py","logger":"airflow.models.dagbag.DagBag"}
{"timestamp":"2025-07-18T12:01:48.047898","level":"info","event":"Filling up the DagBag from /opt/airflow/dags/daily_weather_dag.py","logger":"airflow.models.dagbag.DagBag"}
{"timestamp":"2025-07-18T12:02:18.730157","level":"info","event":"Filling up the DagBag from /opt/airflow/dags/daily_weather_dag.py","logger":"airflow.models.dagbag.DagBag"}
{"timestamp":"2025-07-18T12:02:49.359642","level":"info","event":"Filling up the DagBag from /opt/airflow/dags/daily_weather_dag.py","logger":"airflow.models.dagbag.DagBag"}
{"timestamp":"2025-07-18T12:03:19.938485","level":"info","event":"Filling up the DagBag from /opt/airflow/dags/daily_weather_dag.py","logger":"airflow.models.dagbag.DagBag"}
{"timestamp":"2025-07-18T12:03:50.505337","level":"info","event":"Filling up the DagBag from /opt/airflow/dags/daily_weather_dag.py","logger":"airflow.models.dagbag.DagBag"}
{"timestamp":"2025-07-18T12:04:21.090722","level":"info","event":"Filling up the DagBag from /opt/airflow/dags/daily_weather_dag.py","logger":"airflow.models.dagbag.DagBag"}
{"timestamp":"2025-07-18T12:04:51.711158","level":"info","event":"Filling up the DagBag from /opt/airflow/dags/daily_weather_dag.py","logger":"airflow.models.dagbag.DagBag"}
{"timestamp":"2025-07-18T14:35:52.552791","level":"info","event":"Filling up the DagBag from /opt/airflow/dags/daily_weather_dag.py","logger":"airflow.models.dagbag.DagBag"}
{"timestamp":"2025-07-18T14:39:25.286691","level":"info","event":"Filling up the DagBag from /opt/airflow/dags/daily_weather_dag.py","logger":"airflow.models.dagbag.DagBag"}
